<?xml version="1.0" encoding="UTF-8"?>
<!-- Generated by org.testng.reporters.JUnitReportReporter -->
<testsuite hostname="ip-192-168-0-137.eu-west-1.compute.internal" failures="0" tests="1" name="USOB_Flow_SmokeTest_Suite.select_products_2" time="2.744" errors="0" timestamp="2021-08-10T13:46:18 EDT" skipped="0">
  <testcase classname="USOB_Flow_SmokeTest_Suite.select_products_2" name="SelectProduct" time="2.744"/>
  <system-out/>
</testsuite> <!-- USOB_Flow_SmokeTest_Suite.select_products_2 -->
