<?xml version="1.0" encoding="UTF-8"?>
<!-- Generated by org.testng.reporters.JUnitReportReporter -->
<testsuite hostname="ip-192-168-0-137.eu-west-1.compute.internal" failures="0" tests="1" name="testScripts.USO_Flow_STS" time="3.407" errors="0" timestamp="2021-08-02T12:23:04 EDT" skipped="0">
  <testcase classname="testScripts.USO_Flow_STS" name="FetchApplicant" time="3.407"/>
  <system-out/>
</testsuite> <!-- testScripts.USO_Flow_STS -->
