<?xml version="1.0" encoding="UTF-8"?>
<!-- Generated by org.testng.reporters.JUnitReportReporter -->
<testsuite hostname="ip-192-168-0-117.eu-west-1.compute.internal" failures="0" tests="3" name="testScripts.restAssured_BDDapproach_Script" time="2.622" errors="0" timestamp="2021-07-29T13:27:59 EDT" skipped="0">
  <testcase classname="testScripts.restAssured_BDDapproach_Script" name="BDD_Post_Request_Sample" time="0.517"/>
  <system-out/>
  <testcase classname="testScripts.restAssured_BDDapproach_Script" name="BDD_Get_Request_Sample" time="1.965"/>
  <system-out/>
  <testcase classname="testScripts.restAssured_BDDapproach_Script" name="Get_Request_Sample" time="0.140"/>
  <system-out/>
</testsuite> <!-- testScripts.restAssured_BDDapproach_Script -->
