<?xml version="1.0" encoding="UTF-8"?>
<!-- Generated by org.testng.reporters.JUnitReportReporter -->
<testsuite hostname="ustpalu1670.local" failures="0" tests="1" name="BRD_Jira1753_Payment_FTS.BRD_Login_Req" time="8.464" errors="0" timestamp="2021-09-13T08:38:56 EDT" skipped="0">
  <testcase classname="BRD_Jira1753_Payment_FTS.BRD_Login_Req" name="FetchApplicant" time="8.464"/>
  <system-out/>
</testsuite> <!-- BRD_Jira1753_Payment_FTS.BRD_Login_Req -->
