<?xml version="1.0" encoding="UTF-8"?>
<!-- Generated by org.testng.reporters.JUnitReportReporter -->
<testsuite hostname="ip-192-168-0-137.eu-west-1.compute.internal" failures="0" tests="1" name="USOB_Flow_FunctionalTest_Suite.BRD_Login_Req" time="3.724" errors="0" timestamp="2021-09-02T07:25:44 EDT" skipped="0">
  <testcase classname="USOB_Flow_FunctionalTest_Suite.BRD_Login_Req" name="FetchApplicant" time="3.724"/>
  <system-out/>
</testsuite> <!-- USOB_Flow_FunctionalTest_Suite.BRD_Login_Req -->
