<?xml version="1.0" encoding="UTF-8"?>
<!-- Generated by org.testng.reporters.JUnitReportReporter -->
<testsuite hostname="ip-192-168-0-117.eu-west-1.compute.internal" failures="0" tests="2" name="testScripts.get_ListUsers_Script" time="1.236" errors="0" timestamp="2021-07-29T13:28:52 EDT" skipped="0">
  <testcase classname="testScripts.get_ListUsers_Script" name="GetSample_Request" time="0.116"/>
  <system-out/>
  <testcase classname="testScripts.get_ListUsers_Script" name="BDD_GetSample_Request" time="1.120"/>
  <system-out/>
</testsuite> <!-- testScripts.get_ListUsers_Script -->
