<?xml version="1.0" encoding="UTF-8"?>
<!-- Generated by org.testng.reporters.JUnitReportReporter -->
<testsuite hostname="ip-192-168-0-117.eu-west-1.compute.internal" failures="0" tests="1" name="testScripts.restAssuredSample_Script1" time="1.545" errors="0" timestamp="2021-07-29T13:27:23 EDT" skipped="0">
  <testcase classname="testScripts.restAssuredSample_Script1" name="BDD_Get_Request_Sample" time="1.545"/>
  <system-out/>
</testsuite> <!-- testScripts.restAssuredSample_Script1 -->
