<?xml version="1.0" encoding="UTF-8"?>
<!-- Generated by org.testng.reporters.JUnitReportReporter -->
<testsuite hostname="ip-192-168-0-137.eu-west-1.compute.internal" failures="0" tests="1" name="USOB_FLow_STS.fetch_co_applicant_data_MainApplicant_1" time="3.262" errors="0" timestamp="2021-08-02T12:34:50 EDT" skipped="0">
  <testcase classname="USOB_FLow_STS.fetch_co_applicant_data_MainApplicant_1" name="FetchApplicant" time="3.262"/>
  <system-out/>
</testsuite> <!-- USOB_FLow_STS.fetch_co_applicant_data_MainApplicant_1 -->
