<?xml version="1.0" encoding="UTF-8"?>
<!-- Generated by org.testng.reporters.JUnitReportReporter -->
<testsuite hostname="ustpalu1670.local" failures="0" tests="1" name="projectname_APIs_FunctionalTestSuite_Scripts.projectname_ListUsers_Get_Req_FT_Script" time="2.945" errors="0" timestamp="2021-09-16T12:06:04 EDT" skipped="0">
  <testcase classname="projectname_APIs_FunctionalTestSuite_Scripts.projectname_ListUsers_Get_Req_FT_Script" name="FetchApplicant" time="2.945"/>
  <system-out/>
</testsuite> <!-- projectname_APIs_FunctionalTestSuite_Scripts.projectname_ListUsers_Get_Req_FT_Script -->
