<?xml version="1.0" encoding="UTF-8"?>
<!-- Generated by org.testng.reporters.JUnitReportReporter -->
<testsuite hostname="ip-192-168-0-117.eu-west-1.compute.internal" failures="0" tests="1" name="testScripts.getRequest_ReadWrite_DataTo_Excel_S2" time="3.390" errors="0" timestamp="2021-07-29T16:48:54 EDT" skipped="0">
  <testcase classname="testScripts.getRequest_ReadWrite_DataTo_Excel_S2" name="BDD_Get_Request_Sample" time="3.390"/>
  <system-out/>
</testsuite> <!-- testScripts.getRequest_ReadWrite_DataTo_Excel_S2 -->
