<?xml version="1.0" encoding="UTF-8"?>
<!-- Generated by org.testng.reporters.JUnitReportReporter -->
<testsuite hostname="ip-192-168-0-137.eu-west-1.compute.internal" failures="0" tests="1" name="USOB_Flow_SmokeTest_Suite.IdentityVerified_13" time="0.421" errors="0" timestamp="2021-08-10T13:19:54 EDT" skipped="0">
  <testcase classname="USOB_Flow_SmokeTest_Suite.IdentityVerified_13" name="IdentityVerified" time="0.421"/>
  <system-out/>
</testsuite> <!-- USOB_Flow_SmokeTest_Suite.IdentityVerified_13 -->
