<?xml version="1.0" encoding="UTF-8"?>
<!-- Generated by org.testng.reporters.JUnitReportReporter -->
<testsuite hostname="ustpalu1670.local" failures="0" tests="1" name="projectname_APIs_SmokeTestSuite_Scripts.projectname_Login_Post_Req" time="0.000" errors="0" timestamp="2021-09-21T10:14:10 EDT" skipped="1">
  <testcase classname="projectname_APIs_SmokeTestSuite_Scripts.projectname_Login_Post_Req" name="FetchApplicant" time="0.000">
    <skipped/>
  </testcase> <!-- FetchApplicant -->
  <system-out/>
</testsuite> <!-- projectname_APIs_SmokeTestSuite_Scripts.projectname_Login_Post_Req -->
